<?xml version="1.0" encoding="UTF-8"?>
<!-- Generated by org.testng.reporters.JUnitReportReporter -->
<testsuite skipped="0" hostname="DATAMOULDS20210601" name="library_basic_Demo_Script_with_DyanmicJson.Add_Get_Basic_Test" tests="4" failures="0" timestamp="19 Jun 2022 19:11:09 GMT" time="5.949" errors="0">
  <testcase name="addBook_Request" time="0.613" classname="library_basic_Demo_Script_with_DyanmicJson.Add_Get_Basic_Test"/>
  <testcase name="addBook_Request" time="3.137" classname="library_basic_Demo_Script_with_DyanmicJson.Add_Get_Basic_Test"/>
  <testcase name="getBookById" time="1.852" classname="library_basic_Demo_Script_with_DyanmicJson.Add_Get_Basic_Test"/>
  <testcase name="addBook_Request" time="0.347" classname="library_basic_Demo_Script_with_DyanmicJson.Add_Get_Basic_Test"/>
</testsuite> <!-- library_basic_Demo_Script_with_DyanmicJson.Add_Get_Basic_Test -->
